0 info it worked if it ends with ok
1 verbose cli [ '/usr/bin/node', '/usr/bin/npm', 'login' ]
2 info using npm@3.5.2
3 info using node@v8.10.0
4 verbose stack Error: canceled
4 verbose stack     at Interface.<anonymous> (/usr/share/npm/node_modules/read/lib/read.js:66:13)
4 verbose stack     at emitNone (events.js:106:13)
4 verbose stack     at Interface.emit (events.js:208:7)
4 verbose stack     at Interface._ttyWrite (readline.js:775:16)
4 verbose stack     at ReadStream.onkeypress (readline.js:160:10)
4 verbose stack     at emitTwo (events.js:126:13)
4 verbose stack     at ReadStream.emit (events.js:214:7)
4 verbose stack     at emitKeys (internal/readline.js:420:14)
4 verbose stack     at emitKeys.next (<anonymous>)
4 verbose stack     at ReadStream.onData (readline.js:1011:36)
5 verbose cwd /home/siri/projects/exceldb
6 error Linux 5.0.0-32-generic
7 error argv "/usr/bin/node" "/usr/bin/npm" "login"
8 error node v8.10.0
9 error npm  v3.5.2
10 error canceled
11 error If you need help, you may report this error at:
11 error     <https://github.com/npm/npm/issues>
12 verbose exit [ 1, true ]
